2021-01-04 10:37:54.6352 INFO --  Search null if : 0
2021-01-04 10:52:29.7475 INFO --  Search null if : 0
2021-01-04 10:52:36.3839 INFO --  Search null if : 0
2021-01-04 10:52:53.1350 INFO --  Search null if : 0
2021-01-04 10:53:10.3256 INFO --  Search null if : 0
2021-01-04 10:53:26.7246 INFO --  Search null if : 0
2021-01-04 10:53:45.1466 INFO --  Search null if : 0
2021-01-04 10:54:11.0032 INFO --  Search null if : 0
2021-01-04 10:54:27.4119 INFO --  Search null if : 0
2021-01-04 10:54:54.0871 INFO --  Search null if : 0
2021-01-04 10:55:50.6149 INFO --  Search null if : 0
2021-01-04 10:56:06.2550 INFO --  Search null if : 0
2021-01-04 10:57:45.1315 INFO --  Search null if : 0
2021-01-04 10:58:03.1787 INFO --  Search null if : 0
2021-01-04 10:58:35.3341 INFO --  Search null if : 0
2021-01-04 10:59:02.1690 INFO --  Search null if : 0
2021-01-04 10:59:04.4208 INFO --  Search null if : 0
2021-01-04 10:59:19.6815 INFO --  Search null if : 0
2021-01-04 10:59:26.8132 INFO --  Search null if : 0
2021-01-04 11:00:15.0042 INFO --  Search null if : 0
2021-01-04 11:00:50.8654 INFO --  Search null if : 0
2021-01-04 11:00:59.5302 INFO --  Search null if : 0
2021-01-04 11:01:52.9372 INFO --  Search null if : 0
2021-01-04 11:02:08.6245 INFO --  Search null if : 0
2021-01-04 11:02:23.4929 INFO --  Search null if : 0
2021-01-04 11:02:59.9315 INFO --  Search null if : 0
2021-01-04 11:03:04.0652 INFO --  Search null if : 0
2021-01-04 11:03:05.0439 INFO --  Search null if : 0
2021-01-04 11:03:06.7968 INFO --  Search null if : 0
2021-01-04 11:03:07.6646 INFO --  Search null if : 0
2021-01-04 11:03:08.5251 INFO --  Search null if : 0
2021-01-04 11:03:09.0687 INFO --  Search null if : 0
2021-01-04 11:03:38.3859 INFO --  Search null if : 0
2021-01-04 11:04:31.0914 INFO --  Search null if : 0
2021-01-04 11:04:46.0088 INFO --  Search null if : 0
2021-01-04 11:05:03.0482 INFO --  Search null if : 0
2021-01-04 11:05:46.6444 INFO --  Search null if : 0
2021-01-04 11:07:09.1968 INFO --  Search null if : 0
2021-01-04 11:07:22.8308 INFO --  Search null if : 0
2021-01-04 11:07:44.8261 INFO --  Search null if : 0
2021-01-04 11:07:57.0720 INFO --  Search null if : 0
2021-01-04 11:08:39.6903 INFO --  Search null if : 0
2021-01-04 11:08:45.7752 INFO --  Search null if : 0
2021-01-04 11:08:50.0341 INFO --  Search null if : 0
2021-01-04 11:09:15.6894 INFO --  Search null if : 0
2021-01-04 11:09:17.4037 INFO --  Search null if : 0
2021-01-04 11:09:23.2794 INFO --  Search null if : 0
2021-01-04 11:09:34.8615 INFO --  Search null if : 0
2021-01-04 11:09:36.1672 INFO --  Search null if : 0
2021-01-04 11:10:40.6156 INFO --  Search null if : 0
2021-01-04 11:10:46.6350 INFO --  Search null if : 0
2021-01-04 11:10:50.8708 INFO --  Search null if : 0
2021-01-04 11:11:01.0570 INFO --  SearchBy - Name Search - 
2021-01-04 11:11:01.0800 INFO --  First IF : 3
2021-01-04 11:11:01.1799 INFO --  Searching : 3 Search 
2021-01-04 11:12:06.4554 INFO --  Search null if : 0
2021-01-04 11:12:16.8167 INFO --  Search null if : 0
2021-01-04 11:12:17.6812 INFO --  Search null if : 0
2021-01-04 11:12:19.2041 INFO --  Search null if : 0
2021-01-04 11:12:54.5002 INFO --  Search null if : 0
2021-01-04 11:13:13.6210 INFO --  Search null if : 0
2021-01-04 11:14:13.4133 INFO --  Search null if : 0
2021-01-04 11:14:22.3300 INFO --  Search null if : 0
2021-01-04 11:14:36.4453 INFO --  Search null if : 0
2021-01-04 11:14:46.1194 INFO --  Search null if : 0
2021-01-04 11:15:38.6588 INFO --  Search null if : 0
2021-01-04 11:15:48.1279 INFO --  SearchBy - Category Search - Mobile
2021-01-04 11:15:48.1279 INFO --  First IF : 3
2021-01-04 11:15:48.1279 INFO --  Searching : 3 Search Mobile
2021-01-04 11:15:48.6005 INFO --  Search null else : 3
2021-01-04 11:15:50.7944 INFO --  Search null if : 0
2021-01-04 11:16:11.8989 INFO --  Search null if : 0
2021-01-04 11:16:49.4742 INFO --  Search null if : 0
2021-01-04 11:17:40.7490 INFO --  Search null if : 0
2021-01-04 11:17:54.0074 INFO --  Search null if : 0
2021-01-04 11:18:10.7233 INFO --  Search null if : 0
2021-01-04 11:19:17.9397 INFO --  Search null if : 0
2021-01-04 11:20:03.1212 INFO --  Search null if : 0
2021-01-04 11:20:14.4559 INFO --  Search null if : 0
2021-01-04 11:21:23.3309 INFO --  Search null if : 0
2021-01-04 11:21:43.3548 INFO --  Search null if : 0
2021-01-04 11:21:46.0810 INFO --  Search null if : 0
2021-01-04 11:21:46.6312 INFO --  Search null if : 0
2021-01-04 11:22:10.2729 INFO --  Search null if : 0
2021-01-04 11:24:18.5025 INFO --  Search null if : 0
2021-01-04 11:24:21.4641 INFO --  Search null if : 0
2021-01-04 11:24:22.2123 INFO --  Search null if : 0
2021-01-04 11:24:22.7405 INFO --  Search null if : 0
2021-01-04 11:24:23.6449 INFO --  Search null if : 0
2021-01-04 11:24:24.2453 INFO --  Search null if : 0
2021-01-04 11:24:33.4469 INFO --  Search null if : 0
2021-01-04 11:24:35.3440 INFO --  Search null if : 0
2021-01-04 11:24:36.1648 INFO --  Search null if : 0
2021-01-04 11:24:36.7942 INFO --  Search null if : 0
2021-01-04 11:24:39.2011 INFO --  Search null if : 0
2021-01-04 11:24:42.5070 INFO --  Search null if : 0
2021-01-04 11:24:43.3005 INFO --  Search null if : 0
2021-01-04 11:24:44.1178 INFO --  Search null if : 0
2021-01-04 11:24:44.6524 INFO --  Search null if : 0
2021-01-04 11:24:46.3293 INFO --  Search null if : 0
2021-01-04 11:24:48.3183 INFO --  Search null if : 0
2021-01-04 11:24:48.9379 INFO --  Search null if : 0
2021-01-04 11:24:53.9459 INFO --  Search null if : 0
2021-01-04 11:24:55.5570 INFO --  Search null if : 0
2021-01-04 11:24:57.2418 INFO --  Search null if : 0
2021-01-04 11:25:02.5134 INFO --  Search null if : 0
2021-01-04 11:25:03.3540 INFO --  Search null if : 0
2021-01-04 11:25:27.5054 INFO --  Search null if : 0
2021-01-04 11:25:35.9289 INFO --  Search null if : 0
2021-01-04 11:25:36.9505 INFO --  Search null if : 0
2021-01-04 11:25:37.5551 INFO --  Search null if : 0
2021-01-04 11:25:38.2075 INFO --  Search null if : 0
2021-01-04 11:25:38.8913 INFO --  Search null if : 0
2021-01-04 11:25:39.6733 INFO --  Search null if : 0
2021-01-04 11:25:40.9783 INFO --  Search null if : 0
2021-01-04 11:25:41.8181 INFO --  Search null if : 0
2021-01-04 11:26:08.8808 INFO --  Search null if : 0
2021-01-04 11:26:24.9612 INFO --  Search null if : 0
2021-01-04 11:26:27.7154 INFO --  Search null if : 0
2021-01-04 11:26:28.2996 INFO --  Search null if : 0
2021-01-04 11:26:28.4625 INFO --  Search null if : 0
2021-01-04 11:26:28.8914 INFO --  Search null if : 0
2021-01-04 11:26:48.0333 INFO --  Search null if : 0
2021-01-04 11:27:05.8557 INFO --  Search null if : 0
2021-01-04 11:27:08.4007 INFO --  Search null if : 0
2021-01-04 11:27:08.9899 INFO --  Search null if : 0
2021-01-04 11:27:09.9950 INFO --  Search null if : 0
2021-01-04 11:27:29.1916 INFO --  Search null if : 0
2021-01-04 11:27:32.7563 INFO --  Search null if : 0
2021-01-04 11:27:33.7742 INFO --  Search null if : 0
2021-01-04 11:27:34.2625 INFO --  Search null if : 0
2021-01-04 11:27:34.7562 INFO --  Search null if : 0
2021-01-04 11:27:35.2325 INFO --  Search null if : 0
2021-01-04 11:27:35.6061 INFO --  Search null if : 0
2021-01-04 11:27:36.1370 INFO --  Search null if : 0
2021-01-04 11:27:36.8970 INFO --  Search null if : 0
2021-01-04 11:27:38.2240 INFO --  Search null if : 0
2021-01-04 11:27:38.9063 INFO --  Search null if : 0
2021-01-04 11:27:39.4696 INFO --  Search null if : 0
2021-01-04 11:27:41.0944 INFO --  Search null if : 0
2021-01-04 11:27:41.6299 INFO --  Search null if : 0
2021-01-04 11:27:42.1029 INFO --  Search null if : 0
2021-01-04 11:27:42.6113 INFO --  Search null if : 0
2021-01-04 11:27:43.0700 INFO --  Search null if : 0
2021-01-04 11:27:43.5633 INFO --  Search null if : 0
2021-01-04 11:27:44.1113 INFO --  Search null if : 0
2021-01-04 11:27:44.6196 INFO --  Search null if : 0
2021-01-04 11:27:45.2721 INFO --  Search null if : 0
2021-01-04 11:27:47.9974 INFO --  Search null if : 0
2021-01-04 11:27:49.9484 INFO --  Search null if : 0
2021-01-04 11:27:51.8958 INFO --  Search null if : 0
2021-01-04 11:27:53.5016 INFO --  Search null if : 0
2021-01-04 11:28:36.0859 INFO --  Search null if : 0
2021-01-04 11:28:38.0807 INFO --  Search null if : 0
2021-01-04 11:28:39.0163 INFO --  Search null if : 0
2021-01-04 11:28:39.5900 INFO --  Search null if : 0
2021-01-04 11:28:40.0922 INFO --  Search null if : 0
2021-01-04 11:28:43.5680 INFO --  Search null if : 0
2021-01-04 11:28:44.0830 INFO --  Search null if : 0
2021-01-04 11:28:44.8121 INFO --  Search null if : 0
2021-01-04 11:28:45.4880 INFO --  Search null if : 0
2021-01-04 11:28:48.9449 INFO --  Search null if : 0
2021-01-04 11:28:50.3539 INFO --  Search null if : 0
2021-01-04 11:29:01.0981 INFO --  Search null if : 0
2021-01-04 11:29:03.1974 INFO --  Search null if : 0
2021-01-04 11:29:05.2246 INFO --  Search null if : 0
2021-01-04 11:29:24.4056 INFO --  Search null if : 0
2021-01-04 11:29:28.0200 INFO --  Search null if : 0
2021-01-04 11:29:30.6698 INFO --  Search null if : 0
2021-01-04 11:29:31.7022 INFO --  Search null if : 0
2021-01-04 11:29:40.0153 INFO --  Search null if : 0
2021-01-04 11:29:41.3782 INFO --  Search null if : 0
2021-01-04 11:29:41.8370 INFO --  Search null if : 0
2021-01-04 11:30:20.8361 INFO --  Search null if : 0
2021-01-04 11:30:24.1643 INFO --  Search null if : 0
2021-01-04 11:30:26.2884 INFO --  Search null if : 0
2021-01-04 11:30:29.3961 INFO --  Search null if : 0
2021-01-04 11:30:29.9091 INFO --  Search null if : 0
2021-01-04 11:30:31.6235 INFO --  Search null if : 0
2021-01-04 11:30:52.4635 INFO --  Search null if : 0
2021-01-04 11:30:54.1701 INFO --  Search null if : 0
2021-01-04 11:30:55.2152 INFO --  Search null if : 0
2021-01-04 11:30:57.1862 INFO --  Search null if : 0
2021-01-04 11:31:08.6364 INFO --  Search null if : 0
2021-01-04 11:31:10.9842 INFO --  Search null if : 0
2021-01-04 11:31:11.8117 INFO --  Search null if : 0
2021-01-04 11:31:12.6429 INFO --  Search null if : 0
2021-01-04 11:31:13.1640 INFO --  Search null if : 0
2021-01-04 11:31:13.9989 INFO --  Search null if : 0
2021-01-04 11:31:14.7755 INFO --  Search null if : 0
2021-01-04 11:31:15.5695 INFO --  Search null if : 0
2021-01-04 11:31:21.1684 INFO --  Search null if : 0
2021-01-04 11:31:23.4753 INFO --  Search null if : 0
2021-01-04 11:31:24.2387 INFO --  Search null if : 0
2021-01-04 11:31:24.8795 INFO --  Search null if : 0
2021-01-04 11:31:25.1567 INFO --  Search null if : 0
2021-01-04 11:31:25.8668 INFO --  Search null if : 0
2021-01-04 11:31:26.3376 INFO --  Search null if : 0
2021-01-04 11:31:26.7725 INFO --  Search null if : 0
2021-01-04 11:31:27.5466 INFO --  Search null if : 0
2021-01-04 11:31:28.5372 INFO --  Search null if : 0
2021-01-04 11:31:29.0788 INFO --  Search null if : 0
2021-01-04 11:31:29.5684 INFO --  Search null if : 0
2021-01-04 11:31:29.9394 INFO --  Search null if : 0
2021-01-04 11:31:38.8053 INFO --  Search null if : 0
2021-01-04 11:31:40.1831 INFO --  Search null if : 0
2021-01-04 11:31:40.7183 INFO --  Search null if : 0
2021-01-04 11:31:41.3398 INFO --  Search null if : 0
2021-01-04 11:31:41.7991 INFO --  Search null if : 0
2021-01-04 11:31:47.6016 INFO --  Search null if : 0
2021-01-04 11:31:49.9643 INFO --  Search null if : 0
2021-01-04 11:31:50.7144 INFO --  Search null if : 0
2021-01-04 11:31:51.4780 INFO --  Search null if : 0
2021-01-04 11:31:51.9782 INFO --  Search null if : 0
2021-01-04 11:31:54.1999 INFO --  Search null if : 0
2021-01-04 11:31:54.5366 INFO --  Search null if : 0
2021-01-04 11:31:55.6776 INFO --  Search null if : 0
2021-01-04 11:31:56.1529 INFO --  Search null if : 0
2021-01-04 11:31:56.6364 INFO --  Search null if : 0
2021-01-04 11:31:58.0456 INFO --  Search null if : 0
2021-01-04 11:31:59.4154 INFO --  Search null if : 0
2021-01-04 11:31:59.8509 INFO --  Search null if : 0
2021-01-04 11:32:00.3798 INFO --  Search null if : 0
2021-01-04 11:32:01.0236 INFO --  Search null if : 0
2021-01-04 11:32:04.1972 INFO --  Search null if : 0
2021-01-04 11:32:04.5824 INFO --  Search null if : 0
2021-01-04 11:32:05.6533 INFO --  Search null if : 0
2021-01-04 11:32:06.2134 INFO --  Search null if : 0
2021-01-04 11:32:06.8005 INFO --  Search null if : 0
2021-01-04 11:32:07.3760 INFO --  Search null if : 0
2021-01-04 11:32:08.9637 INFO --  Search null if : 0
2021-01-04 11:32:11.0293 INFO --  Search null if : 0
2021-01-04 11:32:12.2699 INFO --  Search null if : 0
2021-01-04 11:32:30.2362 INFO --  Search null if : 0
2021-01-04 11:32:38.4999 INFO --  Search null if : 0
2021-01-04 11:32:39.7429 INFO --  Search null if : 0
2021-01-04 11:32:40.6028 INFO --  Search null if : 0
2021-01-04 11:32:41.5939 INFO --  Search null if : 0
2021-01-04 11:32:42.4618 INFO --  Search null if : 0
2021-01-04 11:32:43.1147 INFO --  Search null if : 0
2021-01-04 11:32:44.2597 INFO --  Search null if : 0
2021-01-04 11:32:44.8188 INFO --  Search null if : 0
2021-01-04 11:32:45.4507 INFO --  Search null if : 0
2021-01-04 11:32:51.7529 INFO --  Search null if : 0
2021-01-04 11:32:54.0898 INFO --  Search null if : 0
2021-01-04 11:32:55.0085 INFO --  Search null if : 0
2021-01-04 11:32:56.2305 INFO --  Search null if : 0
2021-01-04 11:32:57.1165 INFO --  Search null if : 0
2021-01-04 11:32:57.6607 INFO --  Search null if : 0
2021-01-04 11:32:58.7036 INFO --  Search null if : 0
2021-01-04 11:32:59.6657 INFO --  Search null if : 0
2021-01-04 11:33:00.2509 INFO --  Search null if : 0
2021-01-04 11:33:00.8959 INFO --  Search null if : 0
2021-01-04 11:33:02.1429 INFO --  Search null if : 0
2021-01-04 11:33:04.2689 INFO --  Search null if : 0
2021-01-04 11:33:05.1245 INFO --  Search null if : 0
2021-01-04 11:33:06.0107 INFO --  Search null if : 0
2021-01-04 11:33:06.7776 INFO --  Search null if : 0
2021-01-04 11:33:08.2934 INFO --  Search null if : 0
2021-01-04 11:33:09.2602 INFO --  Search null if : 0
2021-01-04 11:33:10.4463 INFO --  Search null if : 0
2021-01-04 11:33:54.2519 INFO --  Search null if : 0
2021-01-04 11:33:56.2176 INFO --  Search null if : 0
2021-01-04 11:33:56.7464 INFO --  Search null if : 0
2021-01-04 11:33:57.9644 INFO --  Search null if : 0
2021-01-04 11:33:59.4648 INFO --  Search null if : 0
2021-01-04 11:34:00.5648 INFO --  Search null if : 0
2021-01-04 11:34:01.0288 INFO --  Search null if : 0
2021-01-04 11:34:01.6798 INFO --  Search null if : 0
2021-01-04 11:34:06.2279 INFO --  Search null if : 0
2021-01-04 11:34:06.6996 INFO --  Search null if : 0
2021-01-04 11:34:08.4768 INFO --  Search null if : 0
2021-01-04 11:34:11.3958 INFO --  Search null if : 0
2021-01-04 11:34:12.4126 INFO --  Search null if : 0
2021-01-04 11:34:13.2073 INFO --  Search null if : 0
2021-01-04 11:34:13.8733 INFO --  Search null if : 0
2021-01-04 11:34:17.5928 INFO --  Search null if : 0
2021-01-04 11:34:32.5236 INFO --  Search null if : 0
2021-01-04 11:34:35.6154 INFO --  Search null if : 0
2021-01-04 11:34:37.5031 INFO --  Search null if : 0
2021-01-04 11:34:39.9404 INFO --  Search null if : 0
2021-01-04 11:34:41.2267 INFO --  Search null if : 0
2021-01-04 11:34:42.2768 INFO --  Search null if : 0
2021-01-04 11:34:45.3125 INFO --  Search null if : 0
2021-01-04 11:36:07.3585 INFO --  Search null if : 0
2021-01-04 11:36:11.0212 INFO --  Search null if : 0
2021-01-04 11:36:12.2580 INFO --  Search null if : 0
2021-01-04 11:36:12.7283 INFO --  Search null if : 0
2021-01-04 11:36:13.4829 INFO --  Search null if : 0
2021-01-04 11:36:14.0171 INFO --  Search null if : 0
2021-01-04 11:36:14.5340 INFO --  Search null if : 0
2021-01-04 11:36:15.5589 INFO --  Search null if : 0
2021-01-04 11:36:16.0845 INFO --  Search null if : 0
2021-01-04 11:36:16.8084 INFO --  Search null if : 0
2021-01-04 11:36:17.4185 INFO --  Search null if : 0
2021-01-04 11:36:18.0084 INFO --  Search null if : 0
2021-01-04 11:36:18.7854 INFO --  Search null if : 0
2021-01-04 11:36:19.6624 INFO --  Search null if : 0
2021-01-04 11:36:38.3656 INFO --  Search null if : 0
2021-01-04 11:36:39.3743 INFO --  Search null if : 0
2021-01-04 11:36:39.9303 INFO --  Search null if : 0
2021-01-04 11:36:40.5513 INFO --  Search null if : 0
2021-01-04 11:36:41.5124 INFO --  Search null if : 0
2021-01-04 11:36:42.0176 INFO --  Search null if : 0
2021-01-04 11:36:51.2188 INFO --  Search null if : 0
2021-01-04 11:36:53.7165 INFO --  Search null if : 0
2021-01-04 11:36:54.1915 INFO --  Search null if : 0
2021-01-04 11:36:54.7627 INFO --  Search null if : 0
2021-01-04 11:36:55.3427 INFO --  Search null if : 0
2021-01-04 11:36:56.0634 INFO --  Search null if : 0
2021-01-04 11:36:56.6072 INFO --  Search null if : 0
2021-01-04 11:37:07.2997 INFO --  Search null if : 0
2021-01-04 11:37:08.9509 INFO --  Search null if : 0
2021-01-04 11:37:09.4186 INFO --  Search null if : 0
2021-01-04 11:37:09.9063 INFO --  Search null if : 0
2021-01-04 11:37:10.2386 INFO --  Search null if : 0
2021-01-04 11:37:11.3228 INFO --  Search null if : 0
2021-01-04 11:37:12.6649 INFO --  Search null if : 0
2021-01-04 11:37:13.4297 INFO --  Search null if : 0
2021-01-04 11:37:13.9134 INFO --  Search null if : 0
2021-01-04 11:37:37.7265 INFO --  Search null if : 0
2021-01-04 11:37:39.4233 INFO --  Search null if : 0
2021-01-04 11:37:39.9091 INFO --  Search null if : 0
2021-01-04 11:37:40.3569 INFO --  Search null if : 0
2021-01-04 11:37:40.7874 INFO --  Search null if : 0
2021-01-04 11:37:41.3587 INFO --  Search null if : 0
2021-01-04 11:37:42.2815 INFO --  Search null if : 0
2021-01-04 11:37:43.0627 INFO --  Search null if : 0
2021-01-04 11:37:43.8008 INFO --  Search null if : 0
2021-01-04 11:37:44.9013 INFO --  Search null if : 0
2021-01-04 11:37:45.4339 INFO --  Search null if : 0
2021-01-04 11:37:46.5311 INFO --  Search null if : 0
2021-01-04 11:37:47.9926 INFO --  Search null if : 0
2021-01-04 11:37:50.3712 INFO --  Search null if : 0
2021-01-04 11:40:38.3406 INFO --  Search null if : 0
2021-01-04 11:40:41.1613 INFO --  Search null if : 0
2021-01-04 11:40:41.9793 INFO --  Search null if : 0
2021-01-04 11:40:42.8483 INFO --  Search null if : 0
2021-01-04 11:40:43.7315 INFO --  Search null if : 0
2021-01-04 11:40:46.7863 INFO --  Search null if : 0
2021-01-04 11:40:57.4813 INFO --  Search null if : 0
2021-01-04 11:40:59.1629 INFO --  Search null if : 0
2021-01-04 11:40:59.6374 INFO --  Search null if : 0
2021-01-04 11:41:00.0559 INFO --  Search null if : 0
2021-01-04 11:41:00.6633 INFO --  Search null if : 0
2021-01-04 11:41:01.6710 INFO --  Search null if : 0
2021-01-04 11:41:14.2025 INFO --  Search null if : 0
2021-01-04 11:41:23.3138 INFO --  Search null if : 0
2021-01-04 11:41:24.0261 INFO --  Search null if : 0
2021-01-04 11:41:24.5662 INFO --  Search null if : 0
2021-01-04 11:41:25.5578 INFO --  Search null if : 0
2021-01-04 11:41:33.4483 INFO --  Search null if : 0
2021-01-04 11:41:35.3871 INFO --  Search null if : 0
2021-01-04 11:41:36.0234 INFO --  Search null if : 0
2021-01-04 11:41:37.8924 INFO --  Search null if : 0
2021-01-04 11:41:38.7821 INFO --  Search null if : 0
2021-01-04 11:41:39.5552 INFO --  Search null if : 0
2021-01-04 11:41:40.2546 INFO --  Search null if : 0
2021-01-04 11:41:41.0442 INFO --  Search null if : 0
2021-01-04 11:41:41.7942 INFO --  Search null if : 0
2021-01-04 11:41:42.4430 INFO --  Search null if : 0
2021-01-04 11:41:42.9154 INFO --  Search null if : 0
2021-01-04 11:42:10.0739 INFO --  Search null if : 0
2021-01-04 11:42:12.2301 INFO --  Search null if : 0
2021-01-04 11:42:12.7274 INFO --  Search null if : 0
2021-01-04 11:42:13.7356 INFO --  Search null if : 0
2021-01-04 11:42:14.1990 INFO --  Search null if : 0
2021-01-04 11:42:14.5910 INFO --  Search null if : 0
2021-01-04 11:42:14.9346 INFO --  Search null if : 0
2021-01-04 11:42:17.3041 INFO --  Search null if : 0
2021-01-04 11:42:18.0553 INFO --  Search null if : 0
2021-01-04 11:42:18.6648 INFO --  Search null if : 0
2021-01-04 11:42:19.1810 INFO --  Search null if : 0
2021-01-04 11:42:19.9950 INFO --  Search null if : 0
2021-01-04 11:42:20.4909 INFO --  Search null if : 0
2021-01-04 11:42:20.9622 INFO --  Search null if : 0
2021-01-04 11:42:21.3895 INFO --  Search null if : 0
2021-01-04 11:42:24.8221 INFO --  Search null if : 0
2021-01-04 11:42:25.5249 INFO --  Search null if : 0
2021-01-04 11:42:26.0335 INFO --  Search null if : 0
2021-01-04 11:42:26.5511 INFO --  Search null if : 0
2021-01-04 11:42:27.1052 INFO --  Search null if : 0
2021-01-04 11:42:40.4565 INFO --  Search null if : 0
2021-01-04 11:42:44.2357 INFO --  Search null if : 0
2021-01-04 11:42:44.5970 INFO --  Search null if : 0
2021-01-04 11:42:48.6217 INFO --  Search null if : 0
2021-01-04 11:42:48.9440 INFO --  Search null if : 0
2021-01-04 11:42:52.8962 INFO --  Search null if : 0
2021-01-04 11:42:54.4131 INFO --  Search null if : 0
2021-01-04 11:42:54.8519 INFO --  Search null if : 0
2021-01-04 11:42:55.3210 INFO --  Search null if : 0
2021-01-04 11:42:55.6451 INFO --  Search null if : 0
2021-01-04 11:42:56.3923 INFO --  Search null if : 0
2021-01-04 11:42:56.9174 INFO --  Search null if : 0
2021-01-04 11:42:57.2335 INFO --  Search null if : 0
2021-01-04 11:42:57.6046 INFO --  Search null if : 0
2021-01-04 11:42:57.7571 INFO --  Search null if : 0
2021-01-04 11:42:59.5296 INFO --  Search null if : 0
2021-01-04 11:43:52.8508 INFO --  Search null if : 0
2021-01-04 11:44:24.2857 INFO --  Search null if : 0
2021-01-04 11:44:25.7630 INFO --  Search null if : 0
2021-01-04 11:44:34.7095 INFO --  Search null if : 0
2021-01-04 11:44:59.2828 INFO --  Search null if : 0
2021-01-04 11:45:05.8886 INFO --  Search null if : 0
2021-01-04 11:45:40.1928 INFO --  SearchBy - Name Search - ab
2021-01-04 11:45:40.1928 INFO --  First IF : 3
2021-01-04 11:45:40.1988 INFO --  Searching : 3 Search ab
2021-01-04 11:45:40.9768 INFO --  Search null else : 3
2021-01-04 11:45:43.4787 INFO --  Search null if : 0
2021-01-04 11:46:14.3143 INFO --  Search null if : 0
2021-01-04 11:46:21.3474 INFO --  Search null if : 0
2021-01-04 11:46:32.9640 INFO --  Search null if : 0
2021-01-04 11:46:35.3983 INFO --  Search null if : 0
2021-01-04 11:46:47.4966 INFO --  Search null if : 0
2021-01-04 11:46:49.6378 INFO --  Search null if : 0
2021-01-04 11:47:29.3197 INFO --  Search null if : 0
2021-01-04 11:47:38.6242 INFO --  Search null if : 0
2021-01-04 11:47:39.4708 INFO --  Search null if : 0
2021-01-04 11:47:40.7765 INFO --  Search null if : 0
2021-01-04 11:47:41.2793 INFO --  Search null if : 0
2021-01-04 11:47:41.7998 INFO --  Search null if : 0
2021-01-04 11:47:42.4357 INFO --  Search null if : 0
2021-01-04 11:47:43.8205 INFO --  Search null if : 0
2021-01-04 11:47:44.3617 INFO --  Search null if : 0
2021-01-04 11:47:50.9899 INFO --  Search null if : 0
2021-01-04 11:47:52.5025 INFO --  Search null if : 0
2021-01-04 11:47:52.9728 INFO --  Search null if : 0
2021-01-04 11:47:53.5335 INFO --  Search null if : 0
2021-01-04 11:47:53.9469 INFO --  Search null if : 0
2021-01-04 11:48:02.3959 INFO --  Search null if : 0
2021-01-04 11:48:03.9731 INFO --  Search null if : 0
2021-01-04 11:48:04.3262 INFO --  Search null if : 0
2021-01-04 11:48:04.8069 INFO --  Search null if : 0
2021-01-04 11:48:05.1540 INFO --  Search null if : 0
2021-01-04 11:48:16.4086 INFO --  Search null if : 0
2021-01-04 11:48:18.0285 INFO --  Search null if : 0
2021-01-04 11:48:18.6179 INFO --  Search null if : 0
2021-01-04 11:48:19.3355 INFO --  Search null if : 0
2021-01-04 11:48:20.1668 INFO --  Search null if : 0
2021-01-04 11:48:20.9309 INFO --  Search null if : 0
2021-01-04 11:48:21.6804 INFO --  Search null if : 0
2021-01-04 11:48:22.1730 INFO --  Search null if : 0
2021-01-04 11:48:22.3993 INFO --  Search null if : 0
2021-01-04 11:48:22.5749 INFO --  Search null if : 0
2021-01-04 11:48:22.7394 INFO --  Search null if : 0
2021-01-04 11:48:22.9050 INFO --  Search null if : 0
2021-01-04 11:48:23.1942 INFO --  Search null if : 0
2021-01-04 11:48:23.4058 INFO --  Search null if : 0
2021-01-04 11:48:23.7574 INFO --  Search null if : 0
2021-01-04 11:48:24.2891 INFO --  Search null if : 0
2021-01-04 11:48:24.8346 INFO --  Search null if : 0
2021-01-04 11:48:25.4932 INFO --  Search null if : 0
2021-01-04 11:48:26.0226 INFO --  Search null if : 0
2021-01-04 11:48:26.7143 INFO --  Search null if : 0
2021-01-04 11:48:27.7874 INFO --  Search null if : 0
2021-01-04 11:48:28.2267 INFO --  Search null if : 0
2021-01-04 11:48:29.8003 INFO --  Search null if : 0
2021-01-04 11:48:30.9571 INFO --  Search null if : 0
2021-01-04 11:48:31.8340 INFO --  Search null if : 0
2021-01-04 11:48:37.1126 INFO --  SearchBy - Name Search - Mobile
2021-01-04 11:48:37.1126 INFO --  First IF : 3
2021-01-04 11:48:37.1126 INFO --  Searching : 3 Search Mobile
2021-01-04 11:48:37.1316 INFO --  Search null else : 3
2021-01-04 11:48:40.8753 INFO --  SearchBy - Category Search - Mobile
2021-01-04 11:48:40.8753 INFO --  First IF : 3
2021-01-04 11:48:40.8753 INFO --  Searching : 3 Search Mobile
2021-01-04 11:48:40.9013 INFO --  Search null else : 3
2021-01-04 11:48:42.9784 INFO --  SearchBy - Category Search - Mobile
2021-01-04 11:48:42.9804 INFO --  First IF : 2
2021-01-04 11:48:42.9804 INFO --  Searching : 2  Mobile
2021-01-04 11:48:42.9804 INFO --  Search null else : 2
2021-01-04 11:48:43.6307 INFO --  SearchBy - Category Search - Mobile
2021-01-04 11:48:43.6307 INFO --  First IF : 2
2021-01-04 11:48:43.6307 INFO --  Searching : 2  Mobile
2021-01-04 11:48:43.6447 INFO --  Search null else : 2
2021-01-04 11:48:44.3977 INFO --  SearchBy - Category Search - Mobile
2021-01-04 11:48:44.3977 INFO --  First IF : 2
2021-01-04 11:48:44.3977 INFO --  Searching : 2  Mobile
2021-01-04 11:48:44.4086 INFO --  Search null else : 2
2021-01-04 11:48:45.3317 INFO --  SearchBy - Category Search - Mobile
2021-01-04 11:48:45.3317 INFO --  First IF : 2
2021-01-04 11:48:45.3317 INFO --  Searching : 2  Mobile
2021-01-04 11:48:45.3437 INFO --  Search null else : 2
2021-01-04 11:48:46.2474 INFO --  SearchBy - Category Search - Mobile
2021-01-04 11:48:46.2474 INFO --  First IF : 2
2021-01-04 11:48:46.2474 INFO --  Searching : 2  Mobile
2021-01-04 11:48:46.2664 INFO --  Search null else : 2
2021-01-04 11:48:47.0579 INFO --  SearchBy - Category Search - Mobile
2021-01-04 11:48:47.0579 INFO --  First IF : 2
2021-01-04 11:48:47.0579 INFO --  Searching : 2  Mobile
2021-01-04 11:48:47.0579 INFO --  Search null else : 2
2021-01-04 11:48:52.5911 INFO --  SearchBy - Category Search - Laptop
2021-01-04 11:48:52.5911 INFO --  First IF : 3
2021-01-04 11:48:52.5911 INFO --  Searching : 3 Search Laptop
2021-01-04 11:48:52.5911 INFO --  Search null else : 3
2021-01-04 11:49:21.6301 INFO --  Search null if : 0
2021-01-04 11:55:05.7005 INFO --  Search null if : 0
2021-01-04 11:56:07.5587 INFO --  Search null if : 0
2021-01-04 11:56:58.7644 INFO --  Search null if : 0
2021-01-04 11:57:04.1804 INFO --  Search null if : 0
2021-01-04 11:57:04.9170 INFO --  Search null if : 0
2021-01-04 11:57:06.4865 INFO --  Search null if : 0
2021-01-04 12:00:59.5769 INFO --  Search null if : 0
2021-01-04 12:01:19.8441 INFO --  Search null if : 0
2021-01-04 12:01:23.3161 INFO --  Search null if : 0
2021-01-04 12:01:24.4372 INFO --  Search null if : 0
2021-01-04 12:01:25.6311 INFO --  Search null if : 0
2021-01-04 12:14:06.2441 INFO --  Search null if : 0
2021-01-04 12:14:11.3483 INFO --  Search null if : 0
2021-01-04 12:14:54.9601 INFO --  Search null if : 0
2021-01-04 12:15:17.3879 INFO --  Search null if : 0
2021-01-04 12:16:38.1402 INFO --  Search null if : 0
2021-01-04 12:17:20.2681 INFO --  Search null if : 0
2021-01-04 12:19:15.4041 INFO --  Search null if : 0
2021-01-04 12:19:45.0799 INFO --  Search null if : 0
2021-01-04 12:20:08.3932 INFO --  Search null if : 0
2021-01-04 12:20:19.7847 INFO --  Search null if : 0
2021-01-04 12:20:23.6087 INFO --  Search null if : 0
2021-01-04 12:20:44.3448 INFO --  Search null if : 0
2021-01-04 12:21:01.6080 INFO --  Search null if : 0
2021-01-04 12:21:14.6064 INFO --  Search null if : 0
2021-01-04 12:21:21.5847 INFO --  Search null if : 0
2021-01-04 12:21:48.6721 INFO --  Search null if : 0
2021-01-04 12:21:55.2579 INFO --  Search null if : 0
2021-01-04 12:21:55.8982 INFO --  Search null if : 0
2021-01-04 12:21:56.2803 INFO --  Search null if : 0
2021-01-04 12:21:56.7603 INFO --  Search null if : 0
2021-01-04 12:21:57.4211 INFO --  Search null if : 0
2021-01-04 12:21:58.6683 INFO --  Search null if : 0
2021-01-04 12:21:59.0732 INFO --  Search null if : 0
2021-01-04 12:22:30.8073 INFO --  Search null if : 0
2021-01-04 12:57:12.2453 INFO --  Search null if : 0
2021-01-04 13:02:42.1077 INFO --  Search null if : 0
2021-01-04 13:03:32.3682 INFO --  Search null if : 0
2021-01-04 13:03:47.9761 INFO --  Search null if : 0
2021-01-04 13:04:36.6825 INFO --  Search null if : 0
2021-01-04 13:04:48.3064 INFO --  Search null if : 0
2021-01-04 13:05:01.1261 INFO --  Search null if : 0
2021-01-04 13:05:20.9891 INFO --  Search null if : 0
2021-01-04 13:05:22.0123 INFO --  Search null if : 0
2021-01-04 13:05:35.9448 INFO --  Search null if : 0
2021-01-04 13:05:37.7251 INFO --  Search null if : 0
2021-01-04 13:07:39.1939 INFO --  Search null if : 0
2021-01-04 13:08:04.9505 INFO --  Search null if : 0
2021-01-04 13:08:08.2813 INFO --  Search null if : 0
