2021-01-08 08:38:26.2473 INFO --  Default Index operation.
2021-01-08 08:59:29.8630 INFO --  User Logged in by username : rikin
2021-01-08 09:03:46.6145 INFO --  User Logged in by username : rikin
2021-01-08 09:03:49.7647 INFO --  Default Index operation.
2021-01-08 09:03:50.1705 INFO --  Products sorted by : Name
2021-01-08 09:03:51.8866 INFO --  Default Index operation.
2021-01-08 09:03:51.9554 INFO --  Products sorted by : Name
2021-01-08 09:03:53.9490 INFO --  Default Index operation.
2021-01-08 09:03:53.9630 INFO --  Products sorted by : Name
2021-01-08 09:03:55.2850 INFO --  Default Index operation.
2021-01-08 09:03:55.3192 INFO --  Products sorted by : Name
2021-01-08 09:03:56.6491 INFO --  Default Index operation.
2021-01-08 09:03:56.6681 INFO --  Products sorted by : Name
2021-01-08 09:04:11.3880 INFO --  Default Index operation.
2021-01-08 09:04:11.4029 INFO --  Products sorted by : Name
2021-01-08 09:04:14.5006 INFO --  Default Index operation.
2021-01-08 09:04:14.5146 INFO --  Products sorted by : Name
2021-01-08 09:11:20.5870 INFO --  User Logged in by username : rikin
2021-01-08 09:11:23.5969 INFO --  Default Index operation.
2021-01-08 09:11:24.0248 INFO --  Products sorted by : Name
2021-01-08 09:26:49.0303 INFO --  Default Index operation.
2021-01-08 09:26:53.8619 INFO --  Products sorted by : Name
2021-01-08 09:28:42.7370 INFO --  User Logged in by username : rikin
2021-01-08 09:28:45.1843 INFO --  Default Index operation.
2021-01-08 09:28:53.3695 INFO --  Products sorted by : Name
2021-01-08 09:35:39.7944 INFO --  User Logged in by username : rikin
2021-01-08 09:35:43.0197 INFO --  Default Index operation.
2021-01-08 09:35:43.3853 INFO --  Products sorted by : Name
2021-01-08 09:36:22.7624 INFO --  Default Index operation.
2021-01-08 09:36:22.7863 INFO --  Products sorted by : Name
2021-01-08 09:38:48.0023 INFO --  Default Index operation.
2021-01-08 09:38:48.0192 INFO --  Products sorted by : Name
2021-01-08 09:41:50.4879 INFO --  User Logged in by username : rikin
2021-01-08 09:43:17.0931 INFO --  Default Index operation.
2021-01-08 09:43:17.4084 INFO --  Products sorted by : Name
2021-01-08 09:43:38.7966 INFO --  New product added by name : Macbook Pro
2021-01-08 09:43:41.0978 INFO --  Default Index operation.
2021-01-08 09:43:41.1108 INFO --  Products sorted by : Name
2021-01-08 09:43:55.1540 INFO --  Deleted product with ID : 25
2021-01-08 09:43:55.1540 INFO --  Default Index operation.
2021-01-08 09:43:55.1689 INFO --  Products sorted by : Name
2021-01-08 09:43:56.3612 INFO --  Default Index operation.
2021-01-08 09:43:56.3682 INFO --  Products sorted by : Name
2021-01-08 09:43:58.3606 INFO --  Default Index operation.
2021-01-08 09:43:58.3776 INFO --  Products sorted by : Name
2021-01-08 09:44:00.1833 INFO --  Default Index operation.
2021-01-08 09:44:00.2202 INFO --  Products sorted by : Name
2021-01-08 09:47:12.3894 INFO --  New product added by name : Boat Bassheads 451
2021-01-08 09:47:13.1075 INFO --  Default Index operation.
2021-01-08 09:47:13.1205 INFO --  Products sorted by : Name
2021-01-08 09:47:35.5754 INFO --  Deleted product with ID : 17
2021-01-08 09:47:35.5754 INFO --  Default Index operation.
2021-01-08 09:47:35.5894 INFO --  Products sorted by : Name
2021-01-08 09:47:48.3084 INFO --  Default Index operation.
2021-01-08 09:47:48.3253 INFO --  Products sorted by : Name
2021-01-08 09:47:50.7100 INFO --  Default Index operation.
2021-01-08 09:47:50.7429 INFO --  Products sorted by : Name
2021-01-08 09:47:51.9945 INFO --  Default Index operation.
2021-01-08 09:47:52.0065 INFO --  Products sorted by : Name
2021-01-08 09:48:29.4942 INFO --  Default Index operation.
2021-01-08 09:48:29.5172 INFO --  Products sorted by : Name
2021-01-08 09:48:32.7525 INFO --  Default Index operation.
2021-01-08 09:48:32.7605 INFO --  Products sorted by : Name
2021-01-08 09:48:38.8532 INFO --  Default Index operation.
2021-01-08 09:48:38.8742 INFO --  Products sorted by : Name
2021-01-08 09:48:42.9562 INFO --  Default Index operation.
2021-01-08 09:48:42.9792 INFO --  Products sorted by : Name
2021-01-08 09:50:13.8452 INFO --  Default Index operation.
2021-01-08 09:50:13.8691 INFO --  Products sorted by : Name
2021-01-08 09:50:16.9728 INFO --  Default Index operation.
2021-01-08 09:50:16.9848 INFO --  Products sorted by : Name
2021-01-08 09:50:18.1926 INFO --  Default Index operation.
2021-01-08 09:50:18.2115 INFO --  Products sorted by : Name Desc
2021-01-08 09:50:50.5562 INFO --  Default Index operation.
2021-01-08 09:50:50.5742 INFO --  Products sorted by : Name Desc
2021-01-08 09:50:57.7762 INFO --  Default Index operation.
2021-01-08 09:50:57.7762 INFO --  Products sorted by : Name Desc
2021-01-08 09:51:12.2385 INFO --  Default Index operation.
2021-01-08 09:51:12.2575 INFO --  Products sorted by : Name Desc
2021-01-08 09:51:22.0872 INFO --  Default Index operation.
2021-01-08 09:51:22.0872 INFO --  Products sorted by : Name Desc
2021-01-08 09:51:34.5339 INFO --  Default Index operation.
2021-01-08 09:51:34.5469 INFO --  Products sorted by : Name Desc
2021-01-08 13:42:28.1292 INFO --  Default Index operation.
2021-01-08 13:42:29.0856 INFO --  Products sorted by : Name
2021-01-08 13:42:40.5001 INFO --  User Logged in by username : rikin
2021-01-08 13:51:25.5301 INFO --  Default Index operation.
2021-01-08 13:51:25.8882 INFO --  Products sorted by : Name
