2021-01-07 13:48:56.5346 INFO --  User Logged in by username : rikin
2021-01-07 13:49:01.4395 INFO --  Default Index operation.
2021-01-07 13:49:02.3929 INFO --  Products sorted by : Name
2021-01-07 13:49:09.8819 INFO --  Default Index operation.
2021-01-07 13:49:09.9198 INFO --  Products sorted by : Name
2021-01-07 13:49:11.8197 INFO --  Default Index operation.
2021-01-07 13:49:11.8666 INFO --  Products sorted by : Name Desc
2021-01-07 13:49:15.7831 INFO --  Default Index operation.
2021-01-07 13:49:15.9706 INFO --  Products sorted by : Name Desc
2021-01-07 13:49:17.6860 INFO --  Default Index operation.
2021-01-07 13:49:17.6860 INFO --  Products sorted by : Name
2021-01-07 13:49:19.7236 INFO --  Default Index operation.
2021-01-07 13:49:19.7585 INFO --  Products sorted by : Name
2021-01-07 13:49:22.2638 INFO --  Default Index operation.
2021-01-07 13:49:22.3117 INFO --  Products sorted by : Name
2021-01-07 13:50:11.3578 INFO --  New product added by name : Redmi Note 5 Pro
2021-01-07 13:50:11.4376 INFO --  Default Index operation.
2021-01-07 13:50:11.4446 INFO --  Products sorted by : Name
2021-01-07 13:50:16.4921 INFO --  Default Index operation.
2021-01-07 13:50:16.5369 INFO --  Products sorted by : Name
2021-01-07 13:51:43.7731 INFO --  User Logged in by username : rikin
2021-01-07 13:52:34.6879 INFO --  small image length : 4239636
2021-01-07 13:53:00.9726 INFO --  New product added by name : Redmi Note 5 Pro X
2021-01-07 13:53:01.0165 INFO --  Default Index operation.
2021-01-07 13:53:01.2310 INFO --  Products sorted by : Name
2021-01-07 13:54:10.2058 INFO --  User Logged in by username : rikin
2021-01-07 13:54:11.3537 INFO --  Default Index operation.
2021-01-07 13:54:11.9053 INFO --  Products sorted by : Name
2021-01-07 13:54:14.7846 INFO --  Default Index operation.
2021-01-07 13:54:14.8135 INFO --  Products sorted by : Name
2021-01-07 13:54:19.1778 INFO --  Default Index operation.
2021-01-07 13:54:19.1858 INFO --  Products sorted by : Name
2021-01-07 13:54:20.6170 INFO --  Default Index operation.
2021-01-07 13:54:20.6170 INFO --  Products sorted by : Name
2021-01-07 13:54:43.5985 INFO --  small image length : 4239636
2021-01-07 13:58:00.0596 INFO --  User Logged in by username : rikin
2021-01-07 13:58:20.9089 INFO --  small image length : 4239636
2021-01-07 14:01:07.4936 INFO --  User Logged in by username : rikin
2021-01-07 14:08:01.0200 INFO --  User Logged in by username : rikin
2021-01-07 14:08:02.5928 INFO --  Default Index operation.
2021-01-07 14:08:03.2610 INFO --  Products sorted by : Name
2021-01-07 14:08:24.0863 INFO --  small image length : 4239636
2021-01-07 14:09:10.7675 INFO --  small image length : 4239636
2021-01-07 14:09:22.1301 INFO --  small image length : 4239636
2021-01-07 14:09:38.6395 INFO --  small image length : 4239636
2021-01-07 14:09:42.6169 INFO --  Default Index operation.
2021-01-07 14:09:42.6169 INFO --  Products sorted by : Name
2021-01-07 14:09:59.1317 INFO --  small image length : 4239636
2021-01-07 14:11:49.1266 INFO --  User Logged in by username : rikin
2021-01-07 14:12:12.4642 INFO --  small image length : 4239636
2021-01-07 14:13:05.5851 INFO --  small image length : 4239636
2021-01-07 14:13:19.3770 INFO --  small image length : 4239636
2021-01-07 14:13:38.4500 INFO --  small image length : 4239636
2021-01-07 14:20:04.3619 INFO --  User Logged in by username : rikin
2021-01-07 14:20:06.5571 INFO --  Default Index operation.
2021-01-07 14:20:07.3898 INFO --  Products sorted by : Name
2021-01-07 14:47:38.4652 INFO --  User Logged in by username : rikin
2021-01-07 14:58:01.7076 INFO --  Default Index operation.
2021-01-07 14:58:02.4905 INFO --  Products sorted by : Name
2021-01-07 14:58:04.1391 INFO --  Default Index operation.
2021-01-07 14:58:04.1750 INFO --  Products sorted by : Name
2021-01-07 15:27:29.2965 INFO --  User Logged in by username : rikin
2021-01-07 15:27:32.8211 INFO --  Default Index operation.
2021-01-07 15:27:33.3896 INFO --  Products sorted by : Name
2021-01-07 15:50:47.8756 INFO --  User Logged in by username : rikin
2021-01-07 15:50:49.5890 INFO --  Default Index operation.
2021-01-07 15:52:20.1739 INFO --  User Logged in by username : rikin
2021-01-07 15:52:21.4914 INFO --  Default Index operation.
2021-01-07 15:52:23.1310 INFO --  Products sorted by : Name
2021-01-07 15:52:26.5259 INFO --  Default Index operation.
2021-01-07 16:23:47.7051 INFO --  Default Index operation.
2021-01-07 16:23:51.0781 INFO --  Products sorted by : Name
2021-01-07 16:24:01.6459 INFO --  User Logged in by username : rikin
2021-01-07 16:24:03.0361 INFO --  Default Index operation.
2021-01-07 16:24:03.0641 INFO --  Products sorted by : Name
