2021-01-06 11:00:50.0798 INFO --  WebApi : GetProducts called
2021-01-06 11:01:02.1554 INFO --  WebApi : GetProducts called
2021-01-06 11:35:56.4883 INFO --   GetProducts called
2021-01-06 11:36:23.3406 INFO --   GetProducts called
2021-01-06 11:38:44.6075 INFO --   GetProducts called
2021-01-06 11:42:03.5354 INFO --   GetProducts called
2021-01-06 11:42:39.0672 INFO --   GetProducts called
2021-01-06 11:43:26.3666 INFO --   GetProducts called
2021-01-06 11:46:13.5829 INFO --   GetProducts called
2021-01-06 11:46:31.2318 INFO --   GetProducts called
2021-01-06 11:47:11.4843 INFO --   GetProducts called
2021-01-06 11:51:23.7247 INFO --   GetProducts called
2021-01-06 11:51:30.5648 INFO --  Search By Name : o
2021-01-06 11:51:33.7754 INFO --   GetProducts called
2021-01-06 12:20:10.1817 INFO --   GetProducts called
2021-01-06 12:20:17.8342 INFO --   GetProducts called
2021-01-06 12:20:23.5320 INFO --  Search By category : Mobile
2021-01-06 12:20:38.3793 INFO --  Search By category : Laptop
2021-01-06 12:20:39.5940 INFO --   GetProducts called
2021-01-06 12:20:52.1485 INFO --   GetProducts called
2021-01-06 12:25:16.6320 INFO --   GetProducts called
2021-01-06 12:25:24.3683 INFO --  Product Id : 16 removed.
2021-01-06 12:25:24.4880 INFO --   GetProducts called
2021-01-06 12:35:43.8621 INFO --   GetProducts called
2021-01-06 12:35:54.7992 INFO --   GetProducts called
2021-01-06 12:36:01.6060 INFO --  Product Id : 10 removed.
2021-01-06 12:36:01.7665 INFO --   GetProducts called
2021-01-06 12:37:22.2051 INFO --   GetProducts called
2021-01-06 12:37:28.8224 INFO --  Product Id : 12 removed.
2021-01-06 12:37:28.8982 INFO --   GetProducts called
2021-01-06 12:40:42.3792 INFO --   GetProducts called
2021-01-06 12:41:29.2074 INFO --   GetProducts called
2021-01-06 12:41:45.5276 INFO --   GetProducts called
2021-01-06 12:41:52.4640 INFO --   GetProducts called
2021-01-06 12:41:53.6158 INFO --   GetProducts called
2021-01-06 12:41:54.5496 INFO --   GetProducts called
2021-01-06 12:41:55.7283 INFO --   GetProducts called
2021-01-06 12:41:56.4454 INFO --   GetProducts called
2021-01-06 12:41:57.2986 INFO --   GetProducts called
2021-01-06 13:35:42.5621 INFO --   GetProducts called
2021-01-06 13:36:41.1118 INFO --  Search By category : Mobile
2021-01-06 13:38:36.8845 INFO --   GetProducts called
2021-01-06 13:39:02.0233 INFO --  Search By category : Mobile
2021-01-06 13:39:49.6689 INFO --  Search By category : Mobile
2021-01-06 13:40:01.6768 INFO --   GetProducts called
2021-01-06 13:40:10.2619 INFO --   GetProducts called
2021-01-06 13:40:15.9895 INFO --   GetProducts called
2021-01-06 13:40:49.4122 INFO --   GetProducts called
2021-01-06 13:55:48.1346 INFO --  All products sent successfully.
2021-01-06 13:56:07.4839 INFO --  All products sent successfully.
2021-01-06 13:58:31.6853 INFO --  All products sent successfully.
2021-01-06 14:03:41.3950 INFO --  All products sent successfully.
