2021-01-07 13:49:02.2772 INFO --  All products sent successfully.
2021-01-07 13:49:09.9138 INFO --  All products sent successfully.
2021-01-07 13:49:11.8297 INFO --  All products sent successfully.
2021-01-07 13:49:15.9227 INFO --  All products sent successfully.
2021-01-07 13:49:17.6900 INFO --  All products sent successfully.
2021-01-07 13:49:19.7555 INFO --  All products sent successfully.
2021-01-07 13:49:22.2777 INFO --  All products sent successfully.
2021-01-07 13:50:11.3050 INFO --  Product saved with name : Redmi Note 5 Pro
2021-01-07 13:50:11.4416 INFO --  All products sent successfully.
2021-01-07 13:50:16.5339 INFO --  All products sent successfully.
2021-01-07 13:53:00.9208 INFO --  Product saved with name : Redmi Note 5 Pro X
2021-01-07 13:53:01.2010 INFO --  All products sent successfully.
2021-01-07 13:54:11.8365 INFO --  All products sent successfully.
2021-01-07 13:54:14.7945 INFO --  All products sent successfully.
2021-01-07 13:54:19.1828 INFO --  All products sent successfully.
2021-01-07 13:54:20.6219 INFO --  All products sent successfully.
2021-01-07 14:08:03.1792 INFO --  All products sent successfully.
2021-01-07 14:09:42.6229 INFO --  All products sent successfully.
2021-01-07 14:20:07.2591 INFO --  All products sent successfully.
2021-01-07 14:58:02.2275 INFO --  All products sent successfully.
2021-01-07 14:58:04.1720 INFO --  All products sent successfully.
2021-01-07 15:27:33.1692 INFO --  All products sent successfully.
2021-01-07 15:51:09.4299 INFO --  All products sent successfully.
2021-01-07 15:52:23.0582 INFO --  All products sent successfully.
2021-01-07 16:23:50.8857 INFO --  All products sent successfully.
2021-01-07 16:24:03.0581 INFO --  All products sent successfully.
2021-01-07 16:24:14.2402 INFO --  All products sent successfully.
2021-01-07 16:25:27.5193 INFO --  id : 13 found in database
2021-01-07 16:25:57.6618 INFO --  id : 13 found in database
2021-01-07 17:13:17.7538 INFO --  Product saved with name : Redmi note 5
2021-01-07 17:14:15.6375 INFO --  Product saved with name : Redmi note 5
2021-01-07 17:15:55.2584 INFO --  Product saved with name : Redmi note 5
