2021-01-11 19:19:40.3921 INFO --  All products sent successfully.
2021-01-11 19:27:03.2738 INFO --  All products sent successfully.
2021-01-11 19:27:14.6463 INFO --  id : 31 found in database
2021-01-11 19:27:24.3663 INFO --  All products sent successfully.
2021-01-11 19:27:26.0399 INFO --  All products sent successfully.
2021-01-11 19:27:28.2430 INFO --  All products sent successfully.
2021-01-11 19:27:32.7000 INFO --  id : 41 found in database
2021-01-11 19:27:32.7300 INFO --  All products sent successfully.
2021-01-11 19:27:35.0019 INFO --  All products sent successfully.
2021-01-11 19:27:36.7522 INFO --  All products sent successfully.
2021-01-11 19:27:38.3300 INFO --  All products sent successfully.
2021-01-11 19:27:51.5203 INFO --  All products sent successfully.
2021-01-11 19:27:56.8820 INFO --  All products sent successfully.
2021-01-11 19:28:40.0825 INFO --  id : 41 found in database
2021-01-11 19:28:40.1104 INFO --  All products sent successfully.
2021-01-11 19:28:42.7693 INFO --  All products sent successfully.
2021-01-11 19:28:53.0079 INFO --  Product Id : 41 removed.
2021-01-11 19:28:53.0299 INFO --  All products sent successfully.
2021-01-11 19:29:39.0574 INFO --  All products sent successfully.
2021-01-11 19:31:18.8386 INFO --  All products sent successfully.
2021-01-11 19:31:20.4201 INFO --  All products sent successfully.
2021-01-11 19:31:22.3222 INFO --  All products sent successfully.
2021-01-11 19:31:24.4705 INFO --  All products sent successfully.
2021-01-11 19:31:25.9326 INFO --  All products sent successfully.
2021-01-11 19:31:29.1374 INFO --  All products sent successfully.
2021-01-11 19:31:31.4259 INFO --  All products sent successfully.
2021-01-11 19:31:32.9119 INFO --  All products sent successfully.
2021-01-11 19:31:34.4319 INFO --  All products sent successfully.
2021-01-11 19:31:37.2713 INFO --  All products sent successfully.
2021-01-11 19:31:39.4565 INFO --  All products sent successfully.
2021-01-11 19:31:41.3723 INFO --  All products sent successfully.
2021-01-11 19:31:44.6848 INFO --  id : 35 found in database
2021-01-11 19:31:44.6994 INFO --  Product Id : 35 removed.
2021-01-11 19:31:44.7433 INFO --  All products sent successfully.
2021-01-11 19:31:58.5962 INFO --  All products sent successfully.
2021-01-11 19:31:59.8320 INFO --  All products sent successfully.
2021-01-11 19:32:02.1428 INFO --  All products sent successfully.
2021-01-11 19:32:03.5650 INFO --  All products sent successfully.
2021-01-11 19:32:12.2443 INFO --  All products sent successfully.
2021-01-11 19:52:29.6379 INFO --  Product saved with name : Redmi Note 5 Pro
2021-01-11 19:52:30.1895 INFO --  All products sent successfully.
2021-01-11 19:52:34.8290 INFO --  All products sent successfully.
2021-01-11 19:52:37.6085 INFO --  id : 42 found in database
2021-01-11 19:52:43.5437 INFO --  id : 42 found in database
2021-01-11 19:52:43.6065 INFO --  Product Id : 42 updated.
2021-01-11 19:52:43.6364 INFO --  All products sent successfully.
2021-01-11 19:52:46.0430 INFO --  All products sent successfully.
2021-01-11 19:52:50.0414 INFO --  id : 42 found in database
2021-01-11 19:52:50.1520 INFO --  Product Id : 42 removed.
2021-01-11 19:52:50.1820 INFO --  All products sent successfully.
2021-01-11 19:52:53.1541 INFO --  All products sent successfully.
