2021-01-08 08:41:51.4623 INFO --  All products sent successfully.
2021-01-08 09:03:50.1047 INFO --  All products sent successfully.
2021-01-08 09:03:51.8996 INFO --  All products sent successfully.
2021-01-08 09:03:53.9580 INFO --  All products sent successfully.
2021-01-08 09:03:55.3052 INFO --  All products sent successfully.
2021-01-08 09:03:56.6571 INFO --  All products sent successfully.
2021-01-08 09:04:11.3970 INFO --  All products sent successfully.
2021-01-08 09:04:14.5046 INFO --  All products sent successfully.
2021-01-08 09:11:23.9600 INFO --  All products sent successfully.
2021-01-08 09:26:53.1985 INFO --  All products sent successfully.
2021-01-08 09:28:45.8202 INFO --  All products sent successfully.
2021-01-08 09:30:52.8752 INFO --  All products sent successfully.
2021-01-08 09:35:43.3275 INFO --  All products sent successfully.
2021-01-08 09:36:17.2778 INFO --  Product saved with name : Boat Earphone
2021-01-08 09:36:22.7714 INFO --  All products sent successfully.
2021-01-08 09:38:48.0152 INFO --  All products sent successfully.
2021-01-08 09:43:17.3545 INFO --  All products sent successfully.
2021-01-08 09:43:34.6276 INFO --  Product saved with name : Macbook Pro
2021-01-08 09:43:41.1058 INFO --  All products sent successfully.
2021-01-08 09:43:55.1430 INFO --  Product Id : 25 removed.
2021-01-08 09:43:55.1650 INFO --  All products sent successfully.
2021-01-08 09:43:56.3652 INFO --  All products sent successfully.
2021-01-08 09:43:58.3666 INFO --  All products sent successfully.
2021-01-08 09:44:00.2162 INFO --  All products sent successfully.
2021-01-08 09:47:10.3828 INFO --  Product saved with name : Boat Bassheads 451
2021-01-08 09:47:13.1165 INFO --  All products sent successfully.
2021-01-08 09:47:35.5694 INFO --  Product Id : 17 removed.
2021-01-08 09:47:35.5854 INFO --  All products sent successfully.
2021-01-08 09:47:48.3134 INFO --  All products sent successfully.
2021-01-08 09:47:50.7170 INFO --  All products sent successfully.
2021-01-08 09:47:52.0015 INFO --  All products sent successfully.
2021-01-08 09:48:29.5062 INFO --  All products sent successfully.
2021-01-08 09:48:32.7575 INFO --  All products sent successfully.
2021-01-08 09:48:38.8602 INFO --  All products sent successfully.
2021-01-08 09:48:42.9612 INFO --  All products sent successfully.
2021-01-08 09:50:13.8532 INFO --  All products sent successfully.
2021-01-08 09:50:16.9798 INFO --  All products sent successfully.
2021-01-08 09:50:18.1966 INFO --  All products sent successfully.
2021-01-08 09:50:50.5612 INFO --  All products sent successfully.
2021-01-08 09:50:57.7802 INFO --  All products sent successfully.
2021-01-08 09:51:12.2465 INFO --  All products sent successfully.
2021-01-08 09:51:22.0942 INFO --  All products sent successfully.
2021-01-08 09:51:34.5389 INFO --  All products sent successfully.
2021-01-08 10:03:00.3671 INFO --  Product saved with name : Redmi note 5
2021-01-08 13:31:45.3621 INFO --  All products sent successfully.
2021-01-08 13:31:45.3621 INFO --  Product saved with name : Boat Earphone
2021-01-08 13:42:29.0518 INFO --  All products sent successfully.
2021-01-08 13:51:25.8811 INFO --  All products sent successfully.
2021-01-08 13:51:37.5041 INFO --  id : 29 found in database
2021-01-08 13:56:38.4333 INFO --  Product Id : 29 updated.
